[pxdraft.com/themeforest/weasley/weasley/index-02.html]
[backblue.gif]
[fade.gif]
[index.html]
[pxdraft.com/themeforest/weasley/weasley/favicon.ico]
[pxdraft.com/themeforest/weasley/weasley/assets/img/home-banner-01.jpg]
[pxdraft.com/themeforest/weasley/weasley/assets/img/home-banner-03.jpg]
[pxdraft.com/themeforest/weasley/weasley/assets/img/work-1.jpg]
[pxdraft.com/themeforest/weasley/weasley/assets/img/work-3.jpg]
[pxdraft.com/themeforest/weasley/weasley/assets/img/work-2.jpg]
[pxdraft.com/themeforest/weasley/weasley/assets/img/work-4.jpg]
[pxdraft.com/themeforest/weasley/weasley/assets/img/work-5.jpg]
[pxdraft.com/themeforest/weasley/weasley/assets/img/team-1.jpg]
[pxdraft.com/themeforest/weasley/weasley/assets/img/blog-1.jpg]
[pxdraft.com/themeforest/weasley/weasley/assets/img/blog-2.jpg]
[pxdraft.com/themeforest/weasley/weasley/assets/img/blog-3.jpg]
[pxdraft.com/themeforest/weasley/weasley/index-02.html]
[pxdraft.com/themeforest/weasley/weasley/assets/css/style.css]
[pxdraft.com/themeforest/weasley/weasley/assets/img/logo-light.svg]
[pxdraft.com/themeforest/weasley/weasley/assets/js/jquery-3.5.1.min.js]
[pxdraft.com/themeforest/weasley/weasley/assets/vendor/appear/jquery.appear.js]
[pxdraft.com/themeforest/weasley/weasley/assets/vendor/bootstrap/js/bootstrap.min.js]
[pxdraft.com/themeforest/weasley/weasley/assets/vendor/one-page/scrollIt.min.js]
[pxdraft.com/themeforest/weasley/weasley/assets/js/custom.js]
[pxdraft.com/themeforest/weasley/weasley/assets/js/mail_send.js]
[pxdraft.com/themeforest/weasley/weasley/assets/vendor/bootstrap/css/bootstrap.min.css]
[pxdraft.com/themeforest/weasley/weasley/assets/vendor/bootstrap/icons/fonts/bootstrap-iconse36a.woff2]
[pxdraft.com/themeforest/weasley/weasley/assets/vendor/bootstrap/icons/fonts/bootstrap-iconse36a.woff]
[pxdraft.com/themeforest/weasley/weasley/assets/vendor/bootstrap/icons/bootstrap-icons.css]
[www.pxdraft.com/themeforest/weasley/weasley/assets/vendor/owl-carousel/css/owl.video.play.1d.delayed]
[pxdraft.com/themeforest/weasley/weasley/assets/vendor/owl-carousel/css/owl.carousel.min.css]
[pxdraft.com/themeforest/weasley/weasley/assets/vendor/magnific/magnific-popup.css]
[pxdraft.com/themeforest/weasley/weasley/assets/vendor/font-awesome/webfonts/fa-brands-400.eot]
[pxdraft.com/themeforest/weasley/weasley/assets/vendor/font-awesome/webfonts/fa-brands-400d41d.eot]
[pxdraft.com/themeforest/weasley/weasley/assets/vendor/font-awesome/webfonts/fa-brands-400.woff2]
[pxdraft.com/themeforest/weasley/weasley/assets/vendor/font-awesome/webfonts/fa-brands-400.woff]
[pxdraft.com/themeforest/weasley/weasley/assets/vendor/font-awesome/webfonts/fa-brands-400.ttf]
[pxdraft.com/themeforest/weasley/weasley/assets/vendor/font-awesome/webfonts/fa-regular-400.eot]
[pxdraft.com/themeforest/weasley/weasley/assets/vendor/font-awesome/webfonts/fa-regular-400d41d.eot]
[pxdraft.com/themeforest/weasley/weasley/assets/vendor/font-awesome/webfonts/fa-regular-400.woff2]
[pxdraft.com/themeforest/weasley/weasley/assets/vendor/font-awesome/webfonts/fa-regular-400.woff]
[pxdraft.com/themeforest/weasley/weasley/assets/vendor/font-awesome/webfonts/fa-regular-400.ttf]
[pxdraft.com/themeforest/weasley/weasley/assets/vendor/font-awesome/webfonts/fa-solid-900.eot]
[pxdraft.com/themeforest/weasley/weasley/assets/vendor/font-awesome/webfonts/fa-solid-900d41d.eot]
[pxdraft.com/themeforest/weasley/weasley/assets/vendor/font-awesome/webfonts/fa-solid-900.woff2]
[pxdraft.com/themeforest/weasley/weasley/assets/vendor/font-awesome/webfonts/fa-solid-900.woff]
[pxdraft.com/themeforest/weasley/weasley/assets/vendor/font-awesome/webfonts/fa-solid-900.ttf]
[pxdraft.com/themeforest/weasley/weasley/assets/vendor/font-awesome/css/all.min.css]
[pxdraft.com/themeforest/weasley/weasley/assets/vendor/index.html]
[www.pxdraft.com/themeforest/weasley/weasley/assets/vendor/owl-carousel/css/owl.video.play.html]
[pxdraft.com/themeforest/weasley/weasley/assets/vendor/font-awesome/webfonts/fa-brands-400.svg]
[pxdraft.com/themeforest/weasley/weasley/assets/vendor/font-awesome/webfonts/fa-regular-400.svg]
[pxdraft.com/themeforest/weasley/weasley/assets/vendor/font-awesome/webfonts/fa-solid-900.svg]
